[2026-03-26T10:19:13.134Z] server: ready on http://localhost:3001
[2026-03-26T10:19:13.142Z] server: file-log C:\Users\Bgubbala\Desktop\shopfy project\logs\server-requests.log
[2026-03-26T10:20:59.084Z] server: tcp:connection remote=::1:57978
[2026-03-26T10:20:59.090Z] server: request:start request_id=mn7bnxaq-b6mri4 method=GET url=/api/debug/health
[2026-03-26T10:20:59.093Z] server: request:user-agent request_id=mn7bnxaq-b6mri4 curl/8.18.0
[2026-03-26T10:20:59.097Z] server: request:normalized request_id=mn7bnxaq-b6mri4 raw=/api/debug/health normalized=/api/debug/health redacted=/api/debug/health
[2026-03-26T10:20:59.109Z] server: request:end request_id=mn7bnxaq-b6mri4 method=GET url=/api/debug/health status=200 duration_ms=19
[2026-03-26T10:27:19.656Z] server: ready on http://localhost:3001
[2026-03-26T10:27:19.661Z] server: file-log C:\Users\Bgubbala\Desktop\shopfy project\logs\server-requests.log
[2026-03-26T10:37:08.106Z] server: ready on http://localhost:3001
[2026-03-26T10:37:08.109Z] server: file-log C:\Users\Bgubbala\Desktop\shopfy project\logs\server-requests.log
[2026-03-26T10:48:03.203Z] server: ready on http://localhost:3001
[2026-03-26T10:48:03.209Z] server: file-log C:\Users\Bgubbala\Desktop\shopfy project\logs\server-requests.log
[2026-03-26T11:03:10.187Z] server: ready on http://localhost:3001
[2026-03-26T11:03:10.191Z] server: file-log C:\Users\Bgubbala\Desktop\shopfy project\logs\server-requests.log
[2026-03-26T11:05:52.737Z] server: ready on http://localhost:3001
[2026-03-26T11:05:52.740Z] server: file-log C:\Users\Bgubbala\Desktop\shopfy project\logs\server-requests.log
[2026-03-26T11:08:57.059Z] server: ready on http://localhost:3001
[2026-03-26T11:08:57.062Z] server: file-log C:\Users\Bgubbala\Desktop\shopfy project\logs\server-requests.log
[2026-03-26T11:11:27.871Z] server: ready on http://localhost:3001
[2026-03-26T11:11:27.874Z] server: file-log C:\Users\Bgubbala\Desktop\shopfy project\logs\server-requests.log
